\BOOKMARK [0][-]{Doc-Start}{Remerciements}{}% 1
\BOOKMARK [0][-]{chapter*.1}{Table des mati\350res}{}% 2
\BOOKMARK [0][-]{chapter.1}{Introduction}{}% 3
\BOOKMARK [0][-]{chapter.2}{Pr\351sentation du projet}{}% 4
\BOOKMARK [1][-]{section.2.1}{Analyse des besoins}{chapter.2}% 5
\BOOKMARK [2][-]{subsection.2.1.1}{Environnement de travail}{section.2.1}% 6
\BOOKMARK [2][-]{subsection.2.1.2}{Edition de graphes}{section.2.1}% 7
\BOOKMARK [2][-]{subsection.2.1.3}{Utilisation}{section.2.1}% 8
\BOOKMARK [0][-]{chapter.3}{Organisation}{}% 9
\BOOKMARK [1][-]{section.3.1}{M\351thodes de travail}{chapter.3}% 10
\BOOKMARK [1][-]{section.3.2}{R\351partition du travail et des t\342ches, planning}{chapter.3}% 11
\BOOKMARK [0][-]{chapter.4}{R\351alisation de l'application : DynGraph}{}% 12
\BOOKMARK [1][-]{section.4.1}{Architecture}{chapter.4}% 13
\BOOKMARK [1][-]{section.4.2}{Pr\351sentation de l'application}{chapter.4}% 14
\BOOKMARK [2][-]{subsection.4.2.1}{Partie Matlab}{section.4.2}% 15
\BOOKMARK [2][-]{subsection.4.2.2}{Partie Java}{section.4.2}% 16
\BOOKMARK [1][-]{section.4.3}{D\351monstration de l'application}{chapter.4}% 17
\BOOKMARK [0][-]{chapter.5}{Conclusion}{}% 18
\BOOKMARK [-1][-]{part*.2}{Annexes}{}% 19
\BOOKMARK [0][-]{appendix.A}{Code matlab de dynGraph.m}{part*.2}% 20
\BOOKMARK [0][-]{appendix.B}{Manuel d'utilisateur - User Manual}{part*.2}% 21
\BOOKMARK [1][-]{section.B.1}{Launch}{appendix.B}% 22
\BOOKMARK [1][-]{section.B.2}{Export/Import/Rename}{appendix.B}% 23
\BOOKMARK [1][-]{section.B.3}{Edit graph}{appendix.B}% 24
\BOOKMARK [1][-]{section.B.4}{Display}{appendix.B}% 25
